2023-03-01 12:06:05,565 INFO o.h.v.i.u.Version [background-preinit] HV000001: Hibernate Validator 8.0.0.Final
2023-03-01 12:06:05,582 INFO p.s.t.TelegramBotPetsShelterApplication [main] Starting TelegramBotPetsShelterApplication using Java 17.0.5 with PID 17063 (/home/igor/Project/java/-Telegram_Bot_Pets_Shelter/target/classes started by igor in /home/igor/Project/java/-Telegram_Bot_Pets_Shelter)
2023-03-01 12:06:05,582 DEBUG p.s.t.TelegramBotPetsShelterApplication [main] Running with Spring Boot v3.0.3, Spring v6.0.5
2023-03-01 12:06:05,582 INFO p.s.t.TelegramBotPetsShelterApplication [main] No active profile set, falling back to 1 default profile: "default"
2023-03-01 12:06:05,886 INFO o.s.d.r.c.RepositoryConfigurationDelegate [main] Bootstrapping Spring Data JPA repositories in DEFAULT mode.
2023-03-01 12:06:05,919 INFO o.s.d.r.c.RepositoryConfigurationDelegate [main] Finished Spring Data repository scanning in 29 ms. Found 4 JPA repository interfaces.
2023-03-01 12:06:06,124 INFO o.s.b.w.e.t.TomcatWebServer [main] Tomcat initialized with port(s): 8080 (http)
2023-03-01 12:06:06,128 INFO o.a.c.h.Http11NioProtocol [main] Initializing ProtocolHandler ["http-nio-8080"]
2023-03-01 12:06:06,128 INFO o.a.c.c.StandardService [main] Starting service [Tomcat]
2023-03-01 12:06:06,128 INFO o.a.c.c.StandardEngine [main] Starting Servlet engine: [Apache Tomcat/10.1.5]
2023-03-01 12:06:06,161 INFO o.a.c.c.C.[.[.[/] [main] Initializing Spring embedded WebApplicationContext
2023-03-01 12:06:06,161 INFO o.s.b.w.s.c.ServletWebServerApplicationContext [main] Root WebApplicationContext: initialization completed in 563 ms
2023-03-01 12:06:06,216 INFO c.z.h.HikariDataSource [main] HikariPool-1 - Starting...
2023-03-01 12:06:07,310 ERROR c.z.h.p.HikariPool [main] HikariPool-1 - Exception during pool initialization.
org.postgresql.util.PSQLException: ВАЖНО: база данных "shelter" не существует
	at org.postgresql.core.v3.QueryExecutorImpl.receiveErrorResponse(QueryExecutorImpl.java:2676)
	at org.postgresql.core.v3.QueryExecutorImpl.readStartupMessages(QueryExecutorImpl.java:2788)
	at org.postgresql.core.v3.QueryExecutorImpl.<init>(QueryExecutorImpl.java:174)
	at org.postgresql.core.v3.ConnectionFactoryImpl.openConnectionImpl(ConnectionFactoryImpl.java:313)
	at org.postgresql.core.ConnectionFactory.openConnection(ConnectionFactory.java:54)
	at org.postgresql.jdbc.PgConnection.<init>(PgConnection.java:253)
	at org.postgresql.Driver.makeConnection(Driver.java:434)
	at org.postgresql.Driver.connect(Driver.java:291)
	at com.zaxxer.hikari.util.DriverDataSource.getConnection(DriverDataSource.java:138)
	at com.zaxxer.hikari.pool.PoolBase.newConnection(PoolBase.java:359)
	at com.zaxxer.hikari.pool.PoolBase.newPoolEntry(PoolBase.java:201)
	at com.zaxxer.hikari.pool.HikariPool.createPoolEntry(HikariPool.java:470)
	at com.zaxxer.hikari.pool.HikariPool.checkFailFast(HikariPool.java:561)
	at com.zaxxer.hikari.pool.HikariPool.<init>(HikariPool.java:100)
	at com.zaxxer.hikari.HikariDataSource.getConnection(HikariDataSource.java:112)
	at liquibase.integration.spring.SpringLiquibase.afterPropertiesSet(SpringLiquibase.java:280)
	at org.springframework.beans.factory.support.AbstractAutowireCapableBeanFactory.invokeInitMethods(AbstractAutowireCapableBeanFactory.java:1798)
	at org.springframework.beans.factory.support.AbstractAutowireCapableBeanFactory.initializeBean(AbstractAutowireCapableBeanFactory.java:1748)
	at org.springframework.beans.factory.support.AbstractAutowireCapableBeanFactory.doCreateBean(AbstractAutowireCapableBeanFactory.java:600)
	at org.springframework.beans.factory.support.AbstractAutowireCapableBeanFactory.createBean(AbstractAutowireCapableBeanFactory.java:522)
	at org.springframework.beans.factory.support.AbstractBeanFactory.lambda$doGetBean$0(AbstractBeanFactory.java:326)
	at org.springframework.beans.factory.support.DefaultSingletonBeanRegistry.getSingleton(DefaultSingletonBeanRegistry.java:234)
	at org.springframework.beans.factory.support.AbstractBeanFactory.doGetBean(AbstractBeanFactory.java:324)
	at org.springframework.beans.factory.support.AbstractBeanFactory.getBean(AbstractBeanFactory.java:200)
	at org.springframework.beans.factory.support.AbstractBeanFactory.doGetBean(AbstractBeanFactory.java:313)
	at org.springframework.beans.factory.support.AbstractBeanFactory.getBean(AbstractBeanFactory.java:200)
	at org.springframework.context.support.AbstractApplicationContext.getBean(AbstractApplicationContext.java:1132)
	at org.springframework.context.support.AbstractApplicationContext.finishBeanFactoryInitialization(AbstractApplicationContext.java:907)
	at org.springframework.context.support.AbstractApplicationContext.refresh(AbstractApplicationContext.java:584)
	at org.springframework.boot.web.servlet.context.ServletWebServerApplicationContext.refresh(ServletWebServerApplicationContext.java:146)
	at org.springframework.boot.SpringApplication.refresh(SpringApplication.java:732)
	at org.springframework.boot.SpringApplication.refreshContext(SpringApplication.java:434)
	at org.springframework.boot.SpringApplication.run(SpringApplication.java:310)
	at org.springframework.boot.SpringApplication.run(SpringApplication.java:1304)
	at org.springframework.boot.SpringApplication.run(SpringApplication.java:1293)
	at pro.sky.telegram_bot_pets_shelter.TelegramBotPetsShelterApplication.main(TelegramBotPetsShelterApplication.java:10)
2023-03-01 12:06:07,317 WARN o.s.b.w.s.c.AnnotationConfigServletWebServerApplicationContext [main] Exception encountered during context initialization - cancelling refresh attempt: org.springframework.beans.factory.BeanCreationException: Error creating bean with name 'liquibase' defined in class path resource [org/springframework/boot/autoconfigure/liquibase/LiquibaseAutoConfiguration$LiquibaseConfiguration.class]: org.postgresql.util.PSQLException: ВАЖНО: база данных "shelter" не существует
2023-03-01 12:06:07,323 INFO o.a.c.c.StandardService [main] Stopping service [Tomcat]
2023-03-01 12:06:07,343 INFO o.s.b.a.l.ConditionEvaluationReportLogger [main] 

Error starting ApplicationContext. To display the condition evaluation report re-run your application with 'debug' enabled.
2023-03-01 12:06:07,350 ERROR o.s.b.SpringApplication [main] Application run failed
org.springframework.beans.factory.BeanCreationException: Error creating bean with name 'liquibase' defined in class path resource [org/springframework/boot/autoconfigure/liquibase/LiquibaseAutoConfiguration$LiquibaseConfiguration.class]: org.postgresql.util.PSQLException: ВАЖНО: база данных "shelter" не существует
	at org.springframework.beans.factory.support.AbstractAutowireCapableBeanFactory.initializeBean(AbstractAutowireCapableBeanFactory.java:1752)
	at org.springframework.beans.factory.support.AbstractAutowireCapableBeanFactory.doCreateBean(AbstractAutowireCapableBeanFactory.java:600)
	at org.springframework.beans.factory.support.AbstractAutowireCapableBeanFactory.createBean(AbstractAutowireCapableBeanFactory.java:522)
	at org.springframework.beans.factory.support.AbstractBeanFactory.lambda$doGetBean$0(AbstractBeanFactory.java:326)
	at org.springframework.beans.factory.support.DefaultSingletonBeanRegistry.getSingleton(DefaultSingletonBeanRegistry.java:234)
	at org.springframework.beans.factory.support.AbstractBeanFactory.doGetBean(AbstractBeanFactory.java:324)
	at org.springframework.beans.factory.support.AbstractBeanFactory.getBean(AbstractBeanFactory.java:200)
	at org.springframework.beans.factory.support.AbstractBeanFactory.doGetBean(AbstractBeanFactory.java:313)
	at org.springframework.beans.factory.support.AbstractBeanFactory.getBean(AbstractBeanFactory.java:200)
	at org.springframework.context.support.AbstractApplicationContext.getBean(AbstractApplicationContext.java:1132)
	at org.springframework.context.support.AbstractApplicationContext.finishBeanFactoryInitialization(AbstractApplicationContext.java:907)
	at org.springframework.context.support.AbstractApplicationContext.refresh(AbstractApplicationContext.java:584)
	at org.springframework.boot.web.servlet.context.ServletWebServerApplicationContext.refresh(ServletWebServerApplicationContext.java:146)
	at org.springframework.boot.SpringApplication.refresh(SpringApplication.java:732)
	at org.springframework.boot.SpringApplication.refreshContext(SpringApplication.java:434)
	at org.springframework.boot.SpringApplication.run(SpringApplication.java:310)
	at org.springframework.boot.SpringApplication.run(SpringApplication.java:1304)
	at org.springframework.boot.SpringApplication.run(SpringApplication.java:1293)
	at pro.sky.telegram_bot_pets_shelter.TelegramBotPetsShelterApplication.main(TelegramBotPetsShelterApplication.java:10)
Caused by: liquibase.exception.DatabaseException: org.postgresql.util.PSQLException: ВАЖНО: база данных "shelter" не существует
	at liquibase.integration.spring.SpringLiquibase.afterPropertiesSet(SpringLiquibase.java:285)
	at org.springframework.beans.factory.support.AbstractAutowireCapableBeanFactory.invokeInitMethods(AbstractAutowireCapableBeanFactory.java:1798)
	at org.springframework.beans.factory.support.AbstractAutowireCapableBeanFactory.initializeBean(AbstractAutowireCapableBeanFactory.java:1748)
	... 18 common frames omitted
Caused by: org.postgresql.util.PSQLException: ВАЖНО: база данных "shelter" не существует
	at org.postgresql.core.v3.QueryExecutorImpl.receiveErrorResponse(QueryExecutorImpl.java:2676)
	at org.postgresql.core.v3.QueryExecutorImpl.readStartupMessages(QueryExecutorImpl.java:2788)
	at org.postgresql.core.v3.QueryExecutorImpl.<init>(QueryExecutorImpl.java:174)
	at org.postgresql.core.v3.ConnectionFactoryImpl.openConnectionImpl(ConnectionFactoryImpl.java:313)
	at org.postgresql.core.ConnectionFactory.openConnection(ConnectionFactory.java:54)
	at org.postgresql.jdbc.PgConnection.<init>(PgConnection.java:253)
	at org.postgresql.Driver.makeConnection(Driver.java:434)
	at org.postgresql.Driver.connect(Driver.java:291)
	at com.zaxxer.hikari.util.DriverDataSource.getConnection(DriverDataSource.java:138)
	at com.zaxxer.hikari.pool.PoolBase.newConnection(PoolBase.java:359)
	at com.zaxxer.hikari.pool.PoolBase.newPoolEntry(PoolBase.java:201)
	at com.zaxxer.hikari.pool.HikariPool.createPoolEntry(HikariPool.java:470)
	at com.zaxxer.hikari.pool.HikariPool.checkFailFast(HikariPool.java:561)
	at com.zaxxer.hikari.pool.HikariPool.<init>(HikariPool.java:100)
	at com.zaxxer.hikari.HikariDataSource.getConnection(HikariDataSource.java:112)
	at liquibase.integration.spring.SpringLiquibase.afterPropertiesSet(SpringLiquibase.java:280)
	... 20 common frames omitted
2023-03-01 12:07:07,807 INFO o.h.v.i.u.Version [background-preinit] HV000001: Hibernate Validator 8.0.0.Final
2023-03-01 12:07:07,822 INFO p.s.t.TelegramBotPetsShelterApplication [main] Starting TelegramBotPetsShelterApplication using Java 17.0.5 with PID 17286 (/home/igor/Project/java/-Telegram_Bot_Pets_Shelter/target/classes started by igor in /home/igor/Project/java/-Telegram_Bot_Pets_Shelter)
2023-03-01 12:07:07,822 DEBUG p.s.t.TelegramBotPetsShelterApplication [main] Running with Spring Boot v3.0.3, Spring v6.0.5
2023-03-01 12:07:07,822 INFO p.s.t.TelegramBotPetsShelterApplication [main] No active profile set, falling back to 1 default profile: "default"
2023-03-01 12:07:08,024 INFO o.s.d.r.c.RepositoryConfigurationDelegate [main] Bootstrapping Spring Data JPA repositories in DEFAULT mode.
2023-03-01 12:07:08,047 INFO o.s.d.r.c.RepositoryConfigurationDelegate [main] Finished Spring Data repository scanning in 19 ms. Found 4 JPA repository interfaces.
2023-03-01 12:07:08,212 INFO o.s.b.w.e.t.TomcatWebServer [main] Tomcat initialized with port(s): 8080 (http)
2023-03-01 12:07:08,215 INFO o.a.c.h.Http11NioProtocol [main] Initializing ProtocolHandler ["http-nio-8080"]
2023-03-01 12:07:08,215 INFO o.a.c.c.StandardService [main] Starting service [Tomcat]
2023-03-01 12:07:08,215 INFO o.a.c.c.StandardEngine [main] Starting Servlet engine: [Apache Tomcat/10.1.5]
2023-03-01 12:07:08,245 INFO o.a.c.c.C.[.[.[/] [main] Initializing Spring embedded WebApplicationContext
2023-03-01 12:07:08,245 INFO o.s.b.w.s.c.ServletWebServerApplicationContext [main] Root WebApplicationContext: initialization completed in 409 ms
2023-03-01 12:07:08,292 INFO c.z.h.HikariDataSource [main] HikariPool-1 - Starting...
2023-03-01 12:07:09,367 ERROR c.z.h.p.HikariPool [main] HikariPool-1 - Exception during pool initialization.
org.postgresql.util.PSQLException: ВАЖНО: база данных "shelter" не существует
	at org.postgresql.core.v3.QueryExecutorImpl.receiveErrorResponse(QueryExecutorImpl.java:2676)
	at org.postgresql.core.v3.QueryExecutorImpl.readStartupMessages(QueryExecutorImpl.java:2788)
	at org.postgresql.core.v3.QueryExecutorImpl.<init>(QueryExecutorImpl.java:174)
	at org.postgresql.core.v3.ConnectionFactoryImpl.openConnectionImpl(ConnectionFactoryImpl.java:313)
	at org.postgresql.core.ConnectionFactory.openConnection(ConnectionFactory.java:54)
	at org.postgresql.jdbc.PgConnection.<init>(PgConnection.java:253)
	at org.postgresql.Driver.makeConnection(Driver.java:434)
	at org.postgresql.Driver.connect(Driver.java:291)
	at com.zaxxer.hikari.util.DriverDataSource.getConnection(DriverDataSource.java:138)
	at com.zaxxer.hikari.pool.PoolBase.newConnection(PoolBase.java:359)
	at com.zaxxer.hikari.pool.PoolBase.newPoolEntry(PoolBase.java:201)
	at com.zaxxer.hikari.pool.HikariPool.createPoolEntry(HikariPool.java:470)
	at com.zaxxer.hikari.pool.HikariPool.checkFailFast(HikariPool.java:561)
	at com.zaxxer.hikari.pool.HikariPool.<init>(HikariPool.java:100)
	at com.zaxxer.hikari.HikariDataSource.getConnection(HikariDataSource.java:112)
	at liquibase.integration.spring.SpringLiquibase.afterPropertiesSet(SpringLiquibase.java:280)
	at org.springframework.beans.factory.support.AbstractAutowireCapableBeanFactory.invokeInitMethods(AbstractAutowireCapableBeanFactory.java:1798)
	at org.springframework.beans.factory.support.AbstractAutowireCapableBeanFactory.initializeBean(AbstractAutowireCapableBeanFactory.java:1748)
	at org.springframework.beans.factory.support.AbstractAutowireCapableBeanFactory.doCreateBean(AbstractAutowireCapableBeanFactory.java:600)
	at org.springframework.beans.factory.support.AbstractAutowireCapableBeanFactory.createBean(AbstractAutowireCapableBeanFactory.java:522)
	at org.springframework.beans.factory.support.AbstractBeanFactory.lambda$doGetBean$0(AbstractBeanFactory.java:326)
	at org.springframework.beans.factory.support.DefaultSingletonBeanRegistry.getSingleton(DefaultSingletonBeanRegistry.java:234)
	at org.springframework.beans.factory.support.AbstractBeanFactory.doGetBean(AbstractBeanFactory.java:324)
	at org.springframework.beans.factory.support.AbstractBeanFactory.getBean(AbstractBeanFactory.java:200)
	at org.springframework.beans.factory.support.AbstractBeanFactory.doGetBean(AbstractBeanFactory.java:313)
	at org.springframework.beans.factory.support.AbstractBeanFactory.getBean(AbstractBeanFactory.java:200)
	at org.springframework.context.support.AbstractApplicationContext.getBean(AbstractApplicationContext.java:1132)
	at org.springframework.context.support.AbstractApplicationContext.finishBeanFactoryInitialization(AbstractApplicationContext.java:907)
	at org.springframework.context.support.AbstractApplicationContext.refresh(AbstractApplicationContext.java:584)
	at org.springframework.boot.web.servlet.context.ServletWebServerApplicationContext.refresh(ServletWebServerApplicationContext.java:146)
	at org.springframework.boot.SpringApplication.refresh(SpringApplication.java:732)
	at org.springframework.boot.SpringApplication.refreshContext(SpringApplication.java:434)
	at org.springframework.boot.SpringApplication.run(SpringApplication.java:310)
	at org.springframework.boot.SpringApplication.run(SpringApplication.java:1304)
	at org.springframework.boot.SpringApplication.run(SpringApplication.java:1293)
	at pro.sky.telegram_bot_pets_shelter.TelegramBotPetsShelterApplication.main(TelegramBotPetsShelterApplication.java:10)
2023-03-01 12:07:09,373 WARN o.s.b.w.s.c.AnnotationConfigServletWebServerApplicationContext [main] Exception encountered during context initialization - cancelling refresh attempt: org.springframework.beans.factory.BeanCreationException: Error creating bean with name 'liquibase' defined in class path resource [org/springframework/boot/autoconfigure/liquibase/LiquibaseAutoConfiguration$LiquibaseConfiguration.class]: org.postgresql.util.PSQLException: ВАЖНО: база данных "shelter" не существует
2023-03-01 12:07:09,375 INFO o.a.c.c.StandardService [main] Stopping service [Tomcat]
2023-03-01 12:07:09,383 INFO o.s.b.a.l.ConditionEvaluationReportLogger [main] 

Error starting ApplicationContext. To display the condition evaluation report re-run your application with 'debug' enabled.
2023-03-01 12:07:09,391 ERROR o.s.b.SpringApplication [main] Application run failed
org.springframework.beans.factory.BeanCreationException: Error creating bean with name 'liquibase' defined in class path resource [org/springframework/boot/autoconfigure/liquibase/LiquibaseAutoConfiguration$LiquibaseConfiguration.class]: org.postgresql.util.PSQLException: ВАЖНО: база данных "shelter" не существует
	at org.springframework.beans.factory.support.AbstractAutowireCapableBeanFactory.initializeBean(AbstractAutowireCapableBeanFactory.java:1752)
	at org.springframework.beans.factory.support.AbstractAutowireCapableBeanFactory.doCreateBean(AbstractAutowireCapableBeanFactory.java:600)
	at org.springframework.beans.factory.support.AbstractAutowireCapableBeanFactory.createBean(AbstractAutowireCapableBeanFactory.java:522)
	at org.springframework.beans.factory.support.AbstractBeanFactory.lambda$doGetBean$0(AbstractBeanFactory.java:326)
	at org.springframework.beans.factory.support.DefaultSingletonBeanRegistry.getSingleton(DefaultSingletonBeanRegistry.java:234)
	at org.springframework.beans.factory.support.AbstractBeanFactory.doGetBean(AbstractBeanFactory.java:324)
	at org.springframework.beans.factory.support.AbstractBeanFactory.getBean(AbstractBeanFactory.java:200)
	at org.springframework.beans.factory.support.AbstractBeanFactory.doGetBean(AbstractBeanFactory.java:313)
	at org.springframework.beans.factory.support.AbstractBeanFactory.getBean(AbstractBeanFactory.java:200)
	at org.springframework.context.support.AbstractApplicationContext.getBean(AbstractApplicationContext.java:1132)
	at org.springframework.context.support.AbstractApplicationContext.finishBeanFactoryInitialization(AbstractApplicationContext.java:907)
	at org.springframework.context.support.AbstractApplicationContext.refresh(AbstractApplicationContext.java:584)
	at org.springframework.boot.web.servlet.context.ServletWebServerApplicationContext.refresh(ServletWebServerApplicationContext.java:146)
	at org.springframework.boot.SpringApplication.refresh(SpringApplication.java:732)
	at org.springframework.boot.SpringApplication.refreshContext(SpringApplication.java:434)
	at org.springframework.boot.SpringApplication.run(SpringApplication.java:310)
	at org.springframework.boot.SpringApplication.run(SpringApplication.java:1304)
	at org.springframework.boot.SpringApplication.run(SpringApplication.java:1293)
	at pro.sky.telegram_bot_pets_shelter.TelegramBotPetsShelterApplication.main(TelegramBotPetsShelterApplication.java:10)
Caused by: liquibase.exception.DatabaseException: org.postgresql.util.PSQLException: ВАЖНО: база данных "shelter" не существует
	at liquibase.integration.spring.SpringLiquibase.afterPropertiesSet(SpringLiquibase.java:285)
	at org.springframework.beans.factory.support.AbstractAutowireCapableBeanFactory.invokeInitMethods(AbstractAutowireCapableBeanFactory.java:1798)
	at org.springframework.beans.factory.support.AbstractAutowireCapableBeanFactory.initializeBean(AbstractAutowireCapableBeanFactory.java:1748)
	... 18 common frames omitted
Caused by: org.postgresql.util.PSQLException: ВАЖНО: база данных "shelter" не существует
	at org.postgresql.core.v3.QueryExecutorImpl.receiveErrorResponse(QueryExecutorImpl.java:2676)
	at org.postgresql.core.v3.QueryExecutorImpl.readStartupMessages(QueryExecutorImpl.java:2788)
	at org.postgresql.core.v3.QueryExecutorImpl.<init>(QueryExecutorImpl.java:174)
	at org.postgresql.core.v3.ConnectionFactoryImpl.openConnectionImpl(ConnectionFactoryImpl.java:313)
	at org.postgresql.core.ConnectionFactory.openConnection(ConnectionFactory.java:54)
	at org.postgresql.jdbc.PgConnection.<init>(PgConnection.java:253)
	at org.postgresql.Driver.makeConnection(Driver.java:434)
	at org.postgresql.Driver.connect(Driver.java:291)
	at com.zaxxer.hikari.util.DriverDataSource.getConnection(DriverDataSource.java:138)
	at com.zaxxer.hikari.pool.PoolBase.newConnection(PoolBase.java:359)
	at com.zaxxer.hikari.pool.PoolBase.newPoolEntry(PoolBase.java:201)
	at com.zaxxer.hikari.pool.HikariPool.createPoolEntry(HikariPool.java:470)
	at com.zaxxer.hikari.pool.HikariPool.checkFailFast(HikariPool.java:561)
	at com.zaxxer.hikari.pool.HikariPool.<init>(HikariPool.java:100)
	at com.zaxxer.hikari.HikariDataSource.getConnection(HikariDataSource.java:112)
	at liquibase.integration.spring.SpringLiquibase.afterPropertiesSet(SpringLiquibase.java:280)
	... 20 common frames omitted
2023-03-01 12:09:23,650 INFO o.h.v.i.u.Version [background-preinit] HV000001: Hibernate Validator 8.0.0.Final
2023-03-01 12:09:23,665 INFO p.s.t.TelegramBotPetsShelterApplication [main] Starting TelegramBotPetsShelterApplication using Java 17.0.5 with PID 17501 (/home/igor/Project/java/-Telegram_Bot_Pets_Shelter/target/classes started by igor in /home/igor/Project/java/-Telegram_Bot_Pets_Shelter)
2023-03-01 12:09:23,666 DEBUG p.s.t.TelegramBotPetsShelterApplication [main] Running with Spring Boot v3.0.3, Spring v6.0.5
2023-03-01 12:09:23,666 INFO p.s.t.TelegramBotPetsShelterApplication [main] No active profile set, falling back to 1 default profile: "default"
2023-03-01 12:09:23,869 INFO o.s.d.r.c.RepositoryConfigurationDelegate [main] Bootstrapping Spring Data JPA repositories in DEFAULT mode.
2023-03-01 12:09:23,892 INFO o.s.d.r.c.RepositoryConfigurationDelegate [main] Finished Spring Data repository scanning in 19 ms. Found 4 JPA repository interfaces.
2023-03-01 12:09:24,056 INFO o.s.b.w.e.t.TomcatWebServer [main] Tomcat initialized with port(s): 8080 (http)
2023-03-01 12:09:24,059 INFO o.a.c.h.Http11NioProtocol [main] Initializing ProtocolHandler ["http-nio-8080"]
2023-03-01 12:09:24,059 INFO o.a.c.c.StandardService [main] Starting service [Tomcat]
2023-03-01 12:09:24,060 INFO o.a.c.c.StandardEngine [main] Starting Servlet engine: [Apache Tomcat/10.1.5]
2023-03-01 12:09:24,088 INFO o.a.c.c.C.[.[.[/] [main] Initializing Spring embedded WebApplicationContext
2023-03-01 12:09:24,089 INFO o.s.b.w.s.c.ServletWebServerApplicationContext [main] Root WebApplicationContext: initialization completed in 408 ms
2023-03-01 12:09:24,134 INFO c.z.h.HikariDataSource [main] HikariPool-1 - Starting...
2023-03-01 12:09:25,207 ERROR c.z.h.p.HikariPool [main] HikariPool-1 - Exception during pool initialization.
org.postgresql.util.PSQLException: ВАЖНО: база данных "shelter" не существует
	at org.postgresql.core.v3.QueryExecutorImpl.receiveErrorResponse(QueryExecutorImpl.java:2676)
	at org.postgresql.core.v3.QueryExecutorImpl.readStartupMessages(QueryExecutorImpl.java:2788)
	at org.postgresql.core.v3.QueryExecutorImpl.<init>(QueryExecutorImpl.java:174)
	at org.postgresql.core.v3.ConnectionFactoryImpl.openConnectionImpl(ConnectionFactoryImpl.java:313)
	at org.postgresql.core.ConnectionFactory.openConnection(ConnectionFactory.java:54)
	at org.postgresql.jdbc.PgConnection.<init>(PgConnection.java:253)
	at org.postgresql.Driver.makeConnection(Driver.java:434)
	at org.postgresql.Driver.connect(Driver.java:291)
	at com.zaxxer.hikari.util.DriverDataSource.getConnection(DriverDataSource.java:138)
	at com.zaxxer.hikari.pool.PoolBase.newConnection(PoolBase.java:359)
	at com.zaxxer.hikari.pool.PoolBase.newPoolEntry(PoolBase.java:201)
	at com.zaxxer.hikari.pool.HikariPool.createPoolEntry(HikariPool.java:470)
	at com.zaxxer.hikari.pool.HikariPool.checkFailFast(HikariPool.java:561)
	at com.zaxxer.hikari.pool.HikariPool.<init>(HikariPool.java:100)
	at com.zaxxer.hikari.HikariDataSource.getConnection(HikariDataSource.java:112)
	at liquibase.integration.spring.SpringLiquibase.afterPropertiesSet(SpringLiquibase.java:280)
	at org.springframework.beans.factory.support.AbstractAutowireCapableBeanFactory.invokeInitMethods(AbstractAutowireCapableBeanFactory.java:1798)
	at org.springframework.beans.factory.support.AbstractAutowireCapableBeanFactory.initializeBean(AbstractAutowireCapableBeanFactory.java:1748)
	at org.springframework.beans.factory.support.AbstractAutowireCapableBeanFactory.doCreateBean(AbstractAutowireCapableBeanFactory.java:600)
	at org.springframework.beans.factory.support.AbstractAutowireCapableBeanFactory.createBean(AbstractAutowireCapableBeanFactory.java:522)
	at org.springframework.beans.factory.support.AbstractBeanFactory.lambda$doGetBean$0(AbstractBeanFactory.java:326)
	at org.springframework.beans.factory.support.DefaultSingletonBeanRegistry.getSingleton(DefaultSingletonBeanRegistry.java:234)
	at org.springframework.beans.factory.support.AbstractBeanFactory.doGetBean(AbstractBeanFactory.java:324)
	at org.springframework.beans.factory.support.AbstractBeanFactory.getBean(AbstractBeanFactory.java:200)
	at org.springframework.beans.factory.support.AbstractBeanFactory.doGetBean(AbstractBeanFactory.java:313)
	at org.springframework.beans.factory.support.AbstractBeanFactory.getBean(AbstractBeanFactory.java:200)
	at org.springframework.context.support.AbstractApplicationContext.getBean(AbstractApplicationContext.java:1132)
	at org.springframework.context.support.AbstractApplicationContext.finishBeanFactoryInitialization(AbstractApplicationContext.java:907)
	at org.springframework.context.support.AbstractApplicationContext.refresh(AbstractApplicationContext.java:584)
	at org.springframework.boot.web.servlet.context.ServletWebServerApplicationContext.refresh(ServletWebServerApplicationContext.java:146)
	at org.springframework.boot.SpringApplication.refresh(SpringApplication.java:732)
	at org.springframework.boot.SpringApplication.refreshContext(SpringApplication.java:434)
	at org.springframework.boot.SpringApplication.run(SpringApplication.java:310)
	at org.springframework.boot.SpringApplication.run(SpringApplication.java:1304)
	at org.springframework.boot.SpringApplication.run(SpringApplication.java:1293)
	at pro.sky.telegram_bot_pets_shelter.TelegramBotPetsShelterApplication.main(TelegramBotPetsShelterApplication.java:10)
2023-03-01 12:09:25,214 WARN o.s.b.w.s.c.AnnotationConfigServletWebServerApplicationContext [main] Exception encountered during context initialization - cancelling refresh attempt: org.springframework.beans.factory.BeanCreationException: Error creating bean with name 'liquibase' defined in class path resource [org/springframework/boot/autoconfigure/liquibase/LiquibaseAutoConfiguration$LiquibaseConfiguration.class]: org.postgresql.util.PSQLException: ВАЖНО: база данных "shelter" не существует
2023-03-01 12:09:25,217 INFO o.a.c.c.StandardService [main] Stopping service [Tomcat]
2023-03-01 12:09:25,229 INFO o.s.b.a.l.ConditionEvaluationReportLogger [main] 

Error starting ApplicationContext. To display the condition evaluation report re-run your application with 'debug' enabled.
2023-03-01 12:09:25,236 ERROR o.s.b.SpringApplication [main] Application run failed
org.springframework.beans.factory.BeanCreationException: Error creating bean with name 'liquibase' defined in class path resource [org/springframework/boot/autoconfigure/liquibase/LiquibaseAutoConfiguration$LiquibaseConfiguration.class]: org.postgresql.util.PSQLException: ВАЖНО: база данных "shelter" не существует
	at org.springframework.beans.factory.support.AbstractAutowireCapableBeanFactory.initializeBean(AbstractAutowireCapableBeanFactory.java:1752)
	at org.springframework.beans.factory.support.AbstractAutowireCapableBeanFactory.doCreateBean(AbstractAutowireCapableBeanFactory.java:600)
	at org.springframework.beans.factory.support.AbstractAutowireCapableBeanFactory.createBean(AbstractAutowireCapableBeanFactory.java:522)
	at org.springframework.beans.factory.support.AbstractBeanFactory.lambda$doGetBean$0(AbstractBeanFactory.java:326)
	at org.springframework.beans.factory.support.DefaultSingletonBeanRegistry.getSingleton(DefaultSingletonBeanRegistry.java:234)
	at org.springframework.beans.factory.support.AbstractBeanFactory.doGetBean(AbstractBeanFactory.java:324)
	at org.springframework.beans.factory.support.AbstractBeanFactory.getBean(AbstractBeanFactory.java:200)
	at org.springframework.beans.factory.support.AbstractBeanFactory.doGetBean(AbstractBeanFactory.java:313)
	at org.springframework.beans.factory.support.AbstractBeanFactory.getBean(AbstractBeanFactory.java:200)
	at org.springframework.context.support.AbstractApplicationContext.getBean(AbstractApplicationContext.java:1132)
	at org.springframework.context.support.AbstractApplicationContext.finishBeanFactoryInitialization(AbstractApplicationContext.java:907)
	at org.springframework.context.support.AbstractApplicationContext.refresh(AbstractApplicationContext.java:584)
	at org.springframework.boot.web.servlet.context.ServletWebServerApplicationContext.refresh(ServletWebServerApplicationContext.java:146)
	at org.springframework.boot.SpringApplication.refresh(SpringApplication.java:732)
	at org.springframework.boot.SpringApplication.refreshContext(SpringApplication.java:434)
	at org.springframework.boot.SpringApplication.run(SpringApplication.java:310)
	at org.springframework.boot.SpringApplication.run(SpringApplication.java:1304)
	at org.springframework.boot.SpringApplication.run(SpringApplication.java:1293)
	at pro.sky.telegram_bot_pets_shelter.TelegramBotPetsShelterApplication.main(TelegramBotPetsShelterApplication.java:10)
Caused by: liquibase.exception.DatabaseException: org.postgresql.util.PSQLException: ВАЖНО: база данных "shelter" не существует
	at liquibase.integration.spring.SpringLiquibase.afterPropertiesSet(SpringLiquibase.java:285)
	at org.springframework.beans.factory.support.AbstractAutowireCapableBeanFactory.invokeInitMethods(AbstractAutowireCapableBeanFactory.java:1798)
	at org.springframework.beans.factory.support.AbstractAutowireCapableBeanFactory.initializeBean(AbstractAutowireCapableBeanFactory.java:1748)
	... 18 common frames omitted
Caused by: org.postgresql.util.PSQLException: ВАЖНО: база данных "shelter" не существует
	at org.postgresql.core.v3.QueryExecutorImpl.receiveErrorResponse(QueryExecutorImpl.java:2676)
	at org.postgresql.core.v3.QueryExecutorImpl.readStartupMessages(QueryExecutorImpl.java:2788)
	at org.postgresql.core.v3.QueryExecutorImpl.<init>(QueryExecutorImpl.java:174)
	at org.postgresql.core.v3.ConnectionFactoryImpl.openConnectionImpl(ConnectionFactoryImpl.java:313)
	at org.postgresql.core.ConnectionFactory.openConnection(ConnectionFactory.java:54)
	at org.postgresql.jdbc.PgConnection.<init>(PgConnection.java:253)
	at org.postgresql.Driver.makeConnection(Driver.java:434)
	at org.postgresql.Driver.connect(Driver.java:291)
	at com.zaxxer.hikari.util.DriverDataSource.getConnection(DriverDataSource.java:138)
	at com.zaxxer.hikari.pool.PoolBase.newConnection(PoolBase.java:359)
	at com.zaxxer.hikari.pool.PoolBase.newPoolEntry(PoolBase.java:201)
	at com.zaxxer.hikari.pool.HikariPool.createPoolEntry(HikariPool.java:470)
	at com.zaxxer.hikari.pool.HikariPool.checkFailFast(HikariPool.java:561)
	at com.zaxxer.hikari.pool.HikariPool.<init>(HikariPool.java:100)
	at com.zaxxer.hikari.HikariDataSource.getConnection(HikariDataSource.java:112)
	at liquibase.integration.spring.SpringLiquibase.afterPropertiesSet(SpringLiquibase.java:280)
	... 20 common frames omitted
2023-03-01 12:10:10,043 INFO o.h.v.i.u.Version [background-preinit] HV000001: Hibernate Validator 8.0.0.Final
2023-03-01 12:10:10,059 INFO p.s.t.TelegramBotPetsShelterApplication [main] Starting TelegramBotPetsShelterApplication using Java 17.0.5 with PID 17665 (/home/igor/Project/java/-Telegram_Bot_Pets_Shelter/target/classes started by igor in /home/igor/Project/java/-Telegram_Bot_Pets_Shelter)
2023-03-01 12:10:10,059 DEBUG p.s.t.TelegramBotPetsShelterApplication [main] Running with Spring Boot v3.0.3, Spring v6.0.5
2023-03-01 12:10:10,060 INFO p.s.t.TelegramBotPetsShelterApplication [main] No active profile set, falling back to 1 default profile: "default"
2023-03-01 12:10:10,261 INFO o.s.d.r.c.RepositoryConfigurationDelegate [main] Bootstrapping Spring Data JPA repositories in DEFAULT mode.
2023-03-01 12:10:10,283 INFO o.s.d.r.c.RepositoryConfigurationDelegate [main] Finished Spring Data repository scanning in 19 ms. Found 4 JPA repository interfaces.
2023-03-01 12:10:10,448 INFO o.s.b.w.e.t.TomcatWebServer [main] Tomcat initialized with port(s): 8080 (http)
2023-03-01 12:10:10,451 INFO o.a.c.h.Http11NioProtocol [main] Initializing ProtocolHandler ["http-nio-8080"]
2023-03-01 12:10:10,451 INFO o.a.c.c.StandardService [main] Starting service [Tomcat]
2023-03-01 12:10:10,452 INFO o.a.c.c.StandardEngine [main] Starting Servlet engine: [Apache Tomcat/10.1.5]
2023-03-01 12:10:10,481 INFO o.a.c.c.C.[.[.[/] [main] Initializing Spring embedded WebApplicationContext
2023-03-01 12:10:10,481 INFO o.s.b.w.s.c.ServletWebServerApplicationContext [main] Root WebApplicationContext: initialization completed in 407 ms
2023-03-01 12:10:10,527 INFO c.z.h.HikariDataSource [main] HikariPool-1 - Starting...
2023-03-01 12:10:10,615 INFO c.z.h.p.HikariPool [main] HikariPool-1 - Added connection org.postgresql.jdbc.PgConnection@324b6a56
2023-03-01 12:10:10,616 INFO c.z.h.HikariDataSource [main] HikariPool-1 - Start completed.
2023-03-01 12:10:10,668 INFO l.database [main] Set default schema name to public
2023-03-01 12:10:10,708 INFO l.lockservice [main] Successfully acquired change log lock
2023-03-01 12:10:10,828 INFO l.changelog [main] Creating database history table with name: public.databasechangelog
2023-03-01 12:10:10,836 INFO l.changelog [main] Reading from public.databasechangelog
2023-03-01 12:10:10,861 INFO l.changelog [main] Tag 'db_init' applied to database
2023-03-01 12:10:10,862 INFO l.changelog [main] ChangeSet db/changelog/db.changelog-master.xml::0::ania ran successfully in 1ms
2023-03-01 12:10:10,885 INFO l.changelog [main] SQL in file db/changelog/v-1.0/01-create-visitor-table.sql executed
2023-03-01 12:10:10,887 INFO l.changelog [main] ChangeSet db/changelog/v-1.0/01-changeset-visitor-table.xml::2::ania ran successfully in 22ms
2023-03-01 12:10:10,919 INFO l.changelog [main] SQL in file db/changelog/v-1.0/10-create-report-table.sql executed
2023-03-01 12:10:10,921 INFO l.changelog [main] ChangeSet db/changelog/v-1.0/10-changeset-report-table.xml::3::ania ran successfully in 30ms
2023-03-01 12:10:10,942 INFO l.changelog [main] SQL in file db/changelog/v-1.0/20-create-pet-table.sql executed
2023-03-01 12:10:10,944 INFO l.changelog [main] ChangeSet db/changelog/v-1.0/20-changeset-pet-table.xml::4::ania ran successfully in 21ms
2023-03-01 12:10:10,964 INFO l.changelog [main] SQL in file db/changelog/v-1.0/30-create-owner-table.sql executed
2023-03-01 12:10:10,966 INFO l.changelog [main] ChangeSet db/changelog/v-1.0/30-changeset-owner-table.xml::6::ania ran successfully in 20ms
2023-03-01 12:10:10,968 INFO l.changelog [main] Tag 'v.1.0' applied to database
2023-03-01 12:10:10,968 INFO l.changelog [main] ChangeSet db/changelog/db.changelog-master.xml::1::ania ran successfully in 0ms
2023-03-01 12:10:10,973 INFO l.changelog [main] SQL in file db/changelog/v-2.0/01-insert-pet-value.sql executed
2023-03-01 12:10:10,974 INFO l.changelog [main] ChangeSet db/changelog/v-2.0/01-changeset-pet-value.xml::6::gil ran successfully in 3ms
2023-03-01 12:10:10,977 INFO l.changelog [main] Tag '2.0' applied to database
2023-03-01 12:10:10,977 INFO l.changelog [main] ChangeSet db/changelog/db.changelog-master.xml::7::gil ran successfully in 0ms
2023-03-01 12:10:10,981 INFO l.lockservice [main] Successfully released change log lock
2023-03-01 12:10:11,008 INFO o.h.j.i.u.LogHelper [main] HHH000204: Processing PersistenceUnitInfo [name: default]
2023-03-01 12:10:11,030 INFO o.h.Version [main] HHH000412: Hibernate ORM core version 6.1.7.Final
2023-03-01 12:10:11,145 INFO SQL dialect [main] HHH000400: Using dialect: org.hibernate.dialect.PostgreSQLDialect
2023-03-01 12:10:11,448 ERROR o.s.o.j.LocalContainerEntityManagerFactoryBean [main] Failed to initialize JPA EntityManagerFactory: [PersistenceUnit: default] Unable to build Hibernate SessionFactory; nested exception is org.hibernate.tool.schema.spi.SchemaManagementException: Schema-validation: missing column [owner_name] in table [report]
2023-03-01 12:10:11,448 WARN o.s.b.w.s.c.AnnotationConfigServletWebServerApplicationContext [main] Exception encountered during context initialization - cancelling refresh attempt: org.springframework.beans.factory.BeanCreationException: Error creating bean with name 'entityManagerFactory' defined in class path resource [org/springframework/boot/autoconfigure/orm/jpa/HibernateJpaConfiguration.class]: [PersistenceUnit: default] Unable to build Hibernate SessionFactory; nested exception is org.hibernate.tool.schema.spi.SchemaManagementException: Schema-validation: missing column [owner_name] in table [report]
2023-03-01 12:10:11,448 INFO c.z.h.HikariDataSource [main] HikariPool-1 - Shutdown initiated...
2023-03-01 12:10:11,451 INFO c.z.h.HikariDataSource [main] HikariPool-1 - Shutdown completed.
2023-03-01 12:10:11,452 INFO o.a.c.c.StandardService [main] Stopping service [Tomcat]
2023-03-01 12:10:11,456 INFO o.s.b.a.l.ConditionEvaluationReportLogger [main] 

Error starting ApplicationContext. To display the condition evaluation report re-run your application with 'debug' enabled.
2023-03-01 12:10:11,463 ERROR o.s.b.SpringApplication [main] Application run failed
org.springframework.beans.factory.BeanCreationException: Error creating bean with name 'entityManagerFactory' defined in class path resource [org/springframework/boot/autoconfigure/orm/jpa/HibernateJpaConfiguration.class]: [PersistenceUnit: default] Unable to build Hibernate SessionFactory; nested exception is org.hibernate.tool.schema.spi.SchemaManagementException: Schema-validation: missing column [owner_name] in table [report]
	at org.springframework.beans.factory.support.AbstractAutowireCapableBeanFactory.initializeBean(AbstractAutowireCapableBeanFactory.java:1752)
	at org.springframework.beans.factory.support.AbstractAutowireCapableBeanFactory.doCreateBean(AbstractAutowireCapableBeanFactory.java:600)
	at org.springframework.beans.factory.support.AbstractAutowireCapableBeanFactory.createBean(AbstractAutowireCapableBeanFactory.java:522)
	at org.springframework.beans.factory.support.AbstractBeanFactory.lambda$doGetBean$0(AbstractBeanFactory.java:326)
	at org.springframework.beans.factory.support.DefaultSingletonBeanRegistry.getSingleton(DefaultSingletonBeanRegistry.java:234)
	at org.springframework.beans.factory.support.AbstractBeanFactory.doGetBean(AbstractBeanFactory.java:324)
	at org.springframework.beans.factory.support.AbstractBeanFactory.getBean(AbstractBeanFactory.java:200)
	at org.springframework.context.support.AbstractApplicationContext.getBean(AbstractApplicationContext.java:1132)
	at org.springframework.context.support.AbstractApplicationContext.finishBeanFactoryInitialization(AbstractApplicationContext.java:907)
	at org.springframework.context.support.AbstractApplicationContext.refresh(AbstractApplicationContext.java:584)
	at org.springframework.boot.web.servlet.context.ServletWebServerApplicationContext.refresh(ServletWebServerApplicationContext.java:146)
	at org.springframework.boot.SpringApplication.refresh(SpringApplication.java:732)
	at org.springframework.boot.SpringApplication.refreshContext(SpringApplication.java:434)
	at org.springframework.boot.SpringApplication.run(SpringApplication.java:310)
	at org.springframework.boot.SpringApplication.run(SpringApplication.java:1304)
	at org.springframework.boot.SpringApplication.run(SpringApplication.java:1293)
	at pro.sky.telegram_bot_pets_shelter.TelegramBotPetsShelterApplication.main(TelegramBotPetsShelterApplication.java:10)
Caused by: jakarta.persistence.PersistenceException: [PersistenceUnit: default] Unable to build Hibernate SessionFactory; nested exception is org.hibernate.tool.schema.spi.SchemaManagementException: Schema-validation: missing column [owner_name] in table [report]
	at org.springframework.orm.jpa.AbstractEntityManagerFactoryBean.buildNativeEntityManagerFactory(AbstractEntityManagerFactoryBean.java:421)
	at org.springframework.orm.jpa.AbstractEntityManagerFactoryBean.afterPropertiesSet(AbstractEntityManagerFactoryBean.java:396)
	at org.springframework.orm.jpa.LocalContainerEntityManagerFactoryBean.afterPropertiesSet(LocalContainerEntityManagerFactoryBean.java:352)
	at org.springframework.beans.factory.support.AbstractAutowireCapableBeanFactory.invokeInitMethods(AbstractAutowireCapableBeanFactory.java:1798)
	at org.springframework.beans.factory.support.AbstractAutowireCapableBeanFactory.initializeBean(AbstractAutowireCapableBeanFactory.java:1748)
	... 16 common frames omitted
Caused by: org.hibernate.tool.schema.spi.SchemaManagementException: Schema-validation: missing column [owner_name] in table [report]
	at org.hibernate.tool.schema.internal.AbstractSchemaValidator.validateTable(AbstractSchemaValidator.java:144)
	at org.hibernate.tool.schema.internal.GroupedSchemaValidatorImpl.validateTables(GroupedSchemaValidatorImpl.java:46)
	at org.hibernate.tool.schema.internal.AbstractSchemaValidator.performValidation(AbstractSchemaValidator.java:96)
	at org.hibernate.tool.schema.internal.AbstractSchemaValidator.doValidation(AbstractSchemaValidator.java:74)
	at org.hibernate.tool.schema.spi.SchemaManagementToolCoordinator.performDatabaseAction(SchemaManagementToolCoordinator.java:293)
	at org.hibernate.tool.schema.spi.SchemaManagementToolCoordinator.lambda$process$5(SchemaManagementToolCoordinator.java:143)
	at java.base/java.util.HashMap.forEach(HashMap.java:1421)
	at org.hibernate.tool.schema.spi.SchemaManagementToolCoordinator.process(SchemaManagementToolCoordinator.java:140)
	at org.hibernate.internal.SessionFactoryImpl.<init>(SessionFactoryImpl.java:336)
	at org.hibernate.boot.internal.SessionFactoryBuilderImpl.build(SessionFactoryBuilderImpl.java:415)
	at org.hibernate.jpa.boot.internal.EntityManagerFactoryBuilderImpl.build(EntityManagerFactoryBuilderImpl.java:1423)
	at org.springframework.orm.jpa.vendor.SpringHibernateJpaPersistenceProvider.createContainerEntityManagerFactory(SpringHibernateJpaPersistenceProvider.java:66)
	at org.springframework.orm.jpa.LocalContainerEntityManagerFactoryBean.createNativeEntityManagerFactory(LocalContainerEntityManagerFactoryBean.java:376)
	at org.springframework.orm.jpa.AbstractEntityManagerFactoryBean.buildNativeEntityManagerFactory(AbstractEntityManagerFactoryBean.java:409)
	... 20 common frames omitted
2023-03-01 12:13:53,978 INFO o.h.v.i.u.Version [background-preinit] HV000001: Hibernate Validator 8.0.0.Final
2023-03-01 12:13:53,993 INFO p.s.t.TelegramBotPetsShelterApplication [main] Starting TelegramBotPetsShelterApplication using Java 17.0.5 with PID 18288 (/home/igor/Project/java/-Telegram_Bot_Pets_Shelter/target/classes started by igor in /home/igor/Project/java/-Telegram_Bot_Pets_Shelter)
2023-03-01 12:13:53,993 DEBUG p.s.t.TelegramBotPetsShelterApplication [main] Running with Spring Boot v3.0.3, Spring v6.0.5
2023-03-01 12:13:53,993 INFO p.s.t.TelegramBotPetsShelterApplication [main] No active profile set, falling back to 1 default profile: "default"
2023-03-01 12:13:54,200 INFO o.s.d.r.c.RepositoryConfigurationDelegate [main] Bootstrapping Spring Data JPA repositories in DEFAULT mode.
2023-03-01 12:13:54,221 INFO o.s.d.r.c.RepositoryConfigurationDelegate [main] Finished Spring Data repository scanning in 18 ms. Found 4 JPA repository interfaces.
2023-03-01 12:13:54,386 INFO o.s.b.w.e.t.TomcatWebServer [main] Tomcat initialized with port(s): 8080 (http)
2023-03-01 12:13:54,389 INFO o.a.c.h.Http11NioProtocol [main] Initializing ProtocolHandler ["http-nio-8080"]
2023-03-01 12:13:54,389 INFO o.a.c.c.StandardService [main] Starting service [Tomcat]
2023-03-01 12:13:54,390 INFO o.a.c.c.StandardEngine [main] Starting Servlet engine: [Apache Tomcat/10.1.5]
2023-03-01 12:13:54,418 INFO o.a.c.c.C.[.[.[/] [main] Initializing Spring embedded WebApplicationContext
2023-03-01 12:13:54,419 INFO o.s.b.w.s.c.ServletWebServerApplicationContext [main] Root WebApplicationContext: initialization completed in 411 ms
2023-03-01 12:13:54,468 INFO c.z.h.HikariDataSource [main] HikariPool-1 - Starting...
2023-03-01 12:13:54,556 INFO c.z.h.p.HikariPool [main] HikariPool-1 - Added connection org.postgresql.jdbc.PgConnection@738a5848
2023-03-01 12:13:54,556 INFO c.z.h.HikariDataSource [main] HikariPool-1 - Start completed.
2023-03-01 12:13:54,603 INFO l.database [main] Set default schema name to public
2023-03-01 12:13:54,658 INFO l.lockservice [main] Successfully acquired change log lock
2023-03-01 12:13:54,774 INFO l.changelog [main] Creating database history table with name: public.databasechangelog
2023-03-01 12:13:54,797 INFO l.changelog [main] Reading from public.databasechangelog
2023-03-01 12:13:54,823 INFO l.changelog [main] Tag 'db_init' applied to database
2023-03-01 12:13:54,823 INFO l.changelog [main] ChangeSet db/changelog/db.changelog-master.xml::0::ania ran successfully in 1ms
2023-03-01 12:13:54,857 INFO l.changelog [main] SQL in file db/changelog/v-1.0/01-create-visitor-table.sql executed
2023-03-01 12:13:54,861 INFO l.changelog [main] ChangeSet db/changelog/v-1.0/01-changeset-visitor-table.xml::2::ania ran successfully in 34ms
2023-03-01 12:13:54,907 INFO l.changelog [main] SQL in file db/changelog/v-1.0/10-create-report-table.sql executed
2023-03-01 12:13:54,910 INFO l.changelog [main] ChangeSet db/changelog/v-1.0/10-changeset-report-table.xml::3::ania ran successfully in 43ms
2023-03-01 12:13:54,939 INFO l.changelog [main] SQL in file db/changelog/v-1.0/20-create-pet-table.sql executed
2023-03-01 12:13:54,942 INFO l.changelog [main] ChangeSet db/changelog/v-1.0/20-changeset-pet-table.xml::4::ania ran successfully in 29ms
2023-03-01 12:13:54,973 INFO l.changelog [main] SQL in file db/changelog/v-1.0/30-create-owner-table.sql executed
2023-03-01 12:13:54,976 INFO l.changelog [main] ChangeSet db/changelog/v-1.0/30-changeset-owner-table.xml::6::ania ran successfully in 29ms
2023-03-01 12:13:54,983 INFO l.changelog [main] Tag 'v.1.0' applied to database
2023-03-01 12:13:54,984 INFO l.changelog [main] ChangeSet db/changelog/db.changelog-master.xml::1::ania ran successfully in 2ms
2023-03-01 12:13:55,002 INFO l.changelog [main] SQL in file db/changelog/v-2.0/01-insert-pet-value.sql executed
2023-03-01 12:13:55,005 INFO l.changelog [main] ChangeSet db/changelog/v-2.0/01-changeset-pet-value.xml::6::gil ran successfully in 15ms
2023-03-01 12:13:55,012 INFO l.changelog [main] Tag '2.0' applied to database
2023-03-01 12:13:55,013 INFO l.changelog [main] ChangeSet db/changelog/db.changelog-master.xml::7::gil ran successfully in 2ms
2023-03-01 12:13:55,025 INFO l.lockservice [main] Successfully released change log lock
2023-03-01 12:13:55,058 INFO o.h.j.i.u.LogHelper [main] HHH000204: Processing PersistenceUnitInfo [name: default]
2023-03-01 12:13:55,073 INFO o.h.Version [main] HHH000412: Hibernate ORM core version 6.1.7.Final
2023-03-01 12:13:55,172 INFO SQL dialect [main] HHH000400: Using dialect: org.hibernate.dialect.PostgreSQLDialect
2023-03-01 12:13:55,459 ERROR o.s.o.j.LocalContainerEntityManagerFactoryBean [main] Failed to initialize JPA EntityManagerFactory: [PersistenceUnit: default] Unable to build Hibernate SessionFactory; nested exception is org.hibernate.tool.schema.spi.SchemaManagementException: Schema-validation: missing column [owner_name] in table [report]
2023-03-01 12:13:55,460 WARN o.s.b.w.s.c.AnnotationConfigServletWebServerApplicationContext [main] Exception encountered during context initialization - cancelling refresh attempt: org.springframework.beans.factory.BeanCreationException: Error creating bean with name 'entityManagerFactory' defined in class path resource [org/springframework/boot/autoconfigure/orm/jpa/HibernateJpaConfiguration.class]: [PersistenceUnit: default] Unable to build Hibernate SessionFactory; nested exception is org.hibernate.tool.schema.spi.SchemaManagementException: Schema-validation: missing column [owner_name] in table [report]
2023-03-01 12:13:55,460 INFO c.z.h.HikariDataSource [main] HikariPool-1 - Shutdown initiated...
2023-03-01 12:13:55,462 INFO c.z.h.HikariDataSource [main] HikariPool-1 - Shutdown completed.
2023-03-01 12:13:55,463 INFO o.a.c.c.StandardService [main] Stopping service [Tomcat]
2023-03-01 12:13:55,467 INFO o.s.b.a.l.ConditionEvaluationReportLogger [main] 

Error starting ApplicationContext. To display the condition evaluation report re-run your application with 'debug' enabled.
2023-03-01 12:13:55,474 ERROR o.s.b.SpringApplication [main] Application run failed
org.springframework.beans.factory.BeanCreationException: Error creating bean with name 'entityManagerFactory' defined in class path resource [org/springframework/boot/autoconfigure/orm/jpa/HibernateJpaConfiguration.class]: [PersistenceUnit: default] Unable to build Hibernate SessionFactory; nested exception is org.hibernate.tool.schema.spi.SchemaManagementException: Schema-validation: missing column [owner_name] in table [report]
	at org.springframework.beans.factory.support.AbstractAutowireCapableBeanFactory.initializeBean(AbstractAutowireCapableBeanFactory.java:1752)
	at org.springframework.beans.factory.support.AbstractAutowireCapableBeanFactory.doCreateBean(AbstractAutowireCapableBeanFactory.java:600)
	at org.springframework.beans.factory.support.AbstractAutowireCapableBeanFactory.createBean(AbstractAutowireCapableBeanFactory.java:522)
	at org.springframework.beans.factory.support.AbstractBeanFactory.lambda$doGetBean$0(AbstractBeanFactory.java:326)
	at org.springframework.beans.factory.support.DefaultSingletonBeanRegistry.getSingleton(DefaultSingletonBeanRegistry.java:234)
	at org.springframework.beans.factory.support.AbstractBeanFactory.doGetBean(AbstractBeanFactory.java:324)
	at org.springframework.beans.factory.support.AbstractBeanFactory.getBean(AbstractBeanFactory.java:200)
	at org.springframework.context.support.AbstractApplicationContext.getBean(AbstractApplicationContext.java:1132)
	at org.springframework.context.support.AbstractApplicationContext.finishBeanFactoryInitialization(AbstractApplicationContext.java:907)
	at org.springframework.context.support.AbstractApplicationContext.refresh(AbstractApplicationContext.java:584)
	at org.springframework.boot.web.servlet.context.ServletWebServerApplicationContext.refresh(ServletWebServerApplicationContext.java:146)
	at org.springframework.boot.SpringApplication.refresh(SpringApplication.java:732)
	at org.springframework.boot.SpringApplication.refreshContext(SpringApplication.java:434)
	at org.springframework.boot.SpringApplication.run(SpringApplication.java:310)
	at org.springframework.boot.SpringApplication.run(SpringApplication.java:1304)
	at org.springframework.boot.SpringApplication.run(SpringApplication.java:1293)
	at pro.sky.telegram_bot_pets_shelter.TelegramBotPetsShelterApplication.main(TelegramBotPetsShelterApplication.java:10)
Caused by: jakarta.persistence.PersistenceException: [PersistenceUnit: default] Unable to build Hibernate SessionFactory; nested exception is org.hibernate.tool.schema.spi.SchemaManagementException: Schema-validation: missing column [owner_name] in table [report]
	at org.springframework.orm.jpa.AbstractEntityManagerFactoryBean.buildNativeEntityManagerFactory(AbstractEntityManagerFactoryBean.java:421)
	at org.springframework.orm.jpa.AbstractEntityManagerFactoryBean.afterPropertiesSet(AbstractEntityManagerFactoryBean.java:396)
	at org.springframework.orm.jpa.LocalContainerEntityManagerFactoryBean.afterPropertiesSet(LocalContainerEntityManagerFactoryBean.java:352)
	at org.springframework.beans.factory.support.AbstractAutowireCapableBeanFactory.invokeInitMethods(AbstractAutowireCapableBeanFactory.java:1798)
	at org.springframework.beans.factory.support.AbstractAutowireCapableBeanFactory.initializeBean(AbstractAutowireCapableBeanFactory.java:1748)
	... 16 common frames omitted
Caused by: org.hibernate.tool.schema.spi.SchemaManagementException: Schema-validation: missing column [owner_name] in table [report]
	at org.hibernate.tool.schema.internal.AbstractSchemaValidator.validateTable(AbstractSchemaValidator.java:144)
	at org.hibernate.tool.schema.internal.GroupedSchemaValidatorImpl.validateTables(GroupedSchemaValidatorImpl.java:46)
	at org.hibernate.tool.schema.internal.AbstractSchemaValidator.performValidation(AbstractSchemaValidator.java:96)
	at org.hibernate.tool.schema.internal.AbstractSchemaValidator.doValidation(AbstractSchemaValidator.java:74)
	at org.hibernate.tool.schema.spi.SchemaManagementToolCoordinator.performDatabaseAction(SchemaManagementToolCoordinator.java:293)
	at org.hibernate.tool.schema.spi.SchemaManagementToolCoordinator.lambda$process$5(SchemaManagementToolCoordinator.java:143)
	at java.base/java.util.HashMap.forEach(HashMap.java:1421)
	at org.hibernate.tool.schema.spi.SchemaManagementToolCoordinator.process(SchemaManagementToolCoordinator.java:140)
	at org.hibernate.internal.SessionFactoryImpl.<init>(SessionFactoryImpl.java:336)
	at org.hibernate.boot.internal.SessionFactoryBuilderImpl.build(SessionFactoryBuilderImpl.java:415)
	at org.hibernate.jpa.boot.internal.EntityManagerFactoryBuilderImpl.build(EntityManagerFactoryBuilderImpl.java:1423)
	at org.springframework.orm.jpa.vendor.SpringHibernateJpaPersistenceProvider.createContainerEntityManagerFactory(SpringHibernateJpaPersistenceProvider.java:66)
	at org.springframework.orm.jpa.LocalContainerEntityManagerFactoryBean.createNativeEntityManagerFactory(LocalContainerEntityManagerFactoryBean.java:376)
	at org.springframework.orm.jpa.AbstractEntityManagerFactoryBean.buildNativeEntityManagerFactory(AbstractEntityManagerFactoryBean.java:409)
	... 20 common frames omitted
2023-03-01 13:30:15,765 INFO o.h.v.i.u.Version [background-preinit] HV000001: Hibernate Validator 8.0.0.Final
2023-03-01 13:30:15,780 INFO p.s.t.TelegramBotPetsShelterApplication [main] Starting TelegramBotPetsShelterApplication using Java 17.0.5 with PID 4178 (/home/igor/Project/java/-Telegram_Bot_Pets_Shelter/target/classes started by igor in /home/igor/Project/java/-Telegram_Bot_Pets_Shelter)
2023-03-01 13:30:15,781 DEBUG p.s.t.TelegramBotPetsShelterApplication [main] Running with Spring Boot v3.0.3, Spring v6.0.5
2023-03-01 13:30:15,781 INFO p.s.t.TelegramBotPetsShelterApplication [main] No active profile set, falling back to 1 default profile: "default"
2023-03-01 13:30:16,007 INFO o.s.d.r.c.RepositoryConfigurationDelegate [main] Bootstrapping Spring Data JPA repositories in DEFAULT mode.
2023-03-01 13:30:16,031 INFO o.s.d.r.c.RepositoryConfigurationDelegate [main] Finished Spring Data repository scanning in 21 ms. Found 4 JPA repository interfaces.
2023-03-01 13:30:16,214 INFO o.s.b.w.e.t.TomcatWebServer [main] Tomcat initialized with port(s): 8080 (http)
2023-03-01 13:30:16,218 INFO o.a.c.h.Http11NioProtocol [main] Initializing ProtocolHandler ["http-nio-8080"]
2023-03-01 13:30:16,218 INFO o.a.c.c.StandardService [main] Starting service [Tomcat]
2023-03-01 13:30:16,218 INFO o.a.c.c.StandardEngine [main] Starting Servlet engine: [Apache Tomcat/10.1.5]
2023-03-01 13:30:16,251 INFO o.a.c.c.C.[.[.[/] [main] Initializing Spring embedded WebApplicationContext
2023-03-01 13:30:16,251 INFO o.s.b.w.s.c.ServletWebServerApplicationContext [main] Root WebApplicationContext: initialization completed in 455 ms
2023-03-01 13:30:16,302 INFO c.z.h.HikariDataSource [main] HikariPool-1 - Starting...
2023-03-01 13:30:16,406 INFO c.z.h.p.HikariPool [main] HikariPool-1 - Added connection org.postgresql.jdbc.PgConnection@738a5848
2023-03-01 13:30:16,407 INFO c.z.h.HikariDataSource [main] HikariPool-1 - Start completed.
2023-03-01 13:30:16,468 INFO l.database [main] Set default schema name to public
2023-03-01 13:30:16,500 INFO l.lockservice [main] Successfully acquired change log lock
2023-03-01 13:30:16,646 INFO l.changelog [main] Reading from public.databasechangelog
2023-03-01 13:30:16,662 INFO l.lockservice [main] Successfully released change log lock
2023-03-01 13:30:16,663 WARN o.s.b.w.s.c.AnnotationConfigServletWebServerApplicationContext [main] Exception encountered during context initialization - cancelling refresh attempt: org.springframework.beans.factory.BeanCreationException: Error creating bean with name 'liquibase' defined in class path resource [org/springframework/boot/autoconfigure/liquibase/LiquibaseAutoConfiguration$LiquibaseConfiguration.class]: Validation Failed:
     1 changesets check sum
          db/changelog/v-1.0/10-changeset-report-table.xml::3::ania was: 8:4fc3cabfda8b3b5d836bdee398027d04 but is now: 8:f8679c1d0be51ee344232aabe077957f

2023-03-01 13:30:16,663 INFO c.z.h.HikariDataSource [main] HikariPool-1 - Shutdown initiated...
2023-03-01 13:30:16,666 INFO c.z.h.HikariDataSource [main] HikariPool-1 - Shutdown completed.
2023-03-01 13:30:16,668 INFO o.a.c.c.StandardService [main] Stopping service [Tomcat]
2023-03-01 13:30:16,672 INFO o.s.b.a.l.ConditionEvaluationReportLogger [main] 

Error starting ApplicationContext. To display the condition evaluation report re-run your application with 'debug' enabled.
2023-03-01 13:30:16,679 ERROR o.s.b.SpringApplication [main] Application run failed
org.springframework.beans.factory.BeanCreationException: Error creating bean with name 'liquibase' defined in class path resource [org/springframework/boot/autoconfigure/liquibase/LiquibaseAutoConfiguration$LiquibaseConfiguration.class]: Validation Failed:
     1 changesets check sum
          db/changelog/v-1.0/10-changeset-report-table.xml::3::ania was: 8:4fc3cabfda8b3b5d836bdee398027d04 but is now: 8:f8679c1d0be51ee344232aabe077957f

	at org.springframework.beans.factory.support.AbstractAutowireCapableBeanFactory.initializeBean(AbstractAutowireCapableBeanFactory.java:1752)
	at org.springframework.beans.factory.support.AbstractAutowireCapableBeanFactory.doCreateBean(AbstractAutowireCapableBeanFactory.java:600)
	at org.springframework.beans.factory.support.AbstractAutowireCapableBeanFactory.createBean(AbstractAutowireCapableBeanFactory.java:522)
	at org.springframework.beans.factory.support.AbstractBeanFactory.lambda$doGetBean$0(AbstractBeanFactory.java:326)
	at org.springframework.beans.factory.support.DefaultSingletonBeanRegistry.getSingleton(DefaultSingletonBeanRegistry.java:234)
	at org.springframework.beans.factory.support.AbstractBeanFactory.doGetBean(AbstractBeanFactory.java:324)
	at org.springframework.beans.factory.support.AbstractBeanFactory.getBean(AbstractBeanFactory.java:200)
	at org.springframework.beans.factory.support.AbstractBeanFactory.doGetBean(AbstractBeanFactory.java:313)
	at org.springframework.beans.factory.support.AbstractBeanFactory.getBean(AbstractBeanFactory.java:200)
	at org.springframework.context.support.AbstractApplicationContext.getBean(AbstractApplicationContext.java:1132)
	at org.springframework.context.support.AbstractApplicationContext.finishBeanFactoryInitialization(AbstractApplicationContext.java:907)
	at org.springframework.context.support.AbstractApplicationContext.refresh(AbstractApplicationContext.java:584)
	at org.springframework.boot.web.servlet.context.ServletWebServerApplicationContext.refresh(ServletWebServerApplicationContext.java:146)
	at org.springframework.boot.SpringApplication.refresh(SpringApplication.java:732)
	at org.springframework.boot.SpringApplication.refreshContext(SpringApplication.java:434)
	at org.springframework.boot.SpringApplication.run(SpringApplication.java:310)
	at org.springframework.boot.SpringApplication.run(SpringApplication.java:1304)
	at org.springframework.boot.SpringApplication.run(SpringApplication.java:1293)
	at pro.sky.telegram_bot_pets_shelter.TelegramBotPetsShelterApplication.main(TelegramBotPetsShelterApplication.java:10)
Caused by: liquibase.exception.ValidationFailedException: Validation Failed:
     1 changesets check sum
          db/changelog/v-1.0/10-changeset-report-table.xml::3::ania was: 8:4fc3cabfda8b3b5d836bdee398027d04 but is now: 8:f8679c1d0be51ee344232aabe077957f

	at liquibase.changelog.DatabaseChangeLog.validate(DatabaseChangeLog.java:345)
	at liquibase.Liquibase.lambda$update$1(Liquibase.java:257)
	at liquibase.Scope.lambda$child$0(Scope.java:180)
	at liquibase.Scope.child(Scope.java:189)
	at liquibase.Scope.child(Scope.java:179)
	at liquibase.Scope.child(Scope.java:158)
	at liquibase.Liquibase.runInScope(Liquibase.java:2431)
	at liquibase.Liquibase.update(Liquibase.java:237)
	at liquibase.Liquibase.update(Liquibase.java:222)
	at liquibase.integration.spring.SpringLiquibase.performUpdate(SpringLiquibase.java:328)
	at liquibase.integration.spring.SpringLiquibase.afterPropertiesSet(SpringLiquibase.java:283)
	at org.springframework.beans.factory.support.AbstractAutowireCapableBeanFactory.invokeInitMethods(AbstractAutowireCapableBeanFactory.java:1798)
	at org.springframework.beans.factory.support.AbstractAutowireCapableBeanFactory.initializeBean(AbstractAutowireCapableBeanFactory.java:1748)
	... 18 common frames omitted
2023-03-01 13:30:48,188 INFO o.h.v.i.u.Version [background-preinit] HV000001: Hibernate Validator 8.0.0.Final
2023-03-01 13:30:48,202 INFO p.s.t.TelegramBotPetsShelterApplication [main] Starting TelegramBotPetsShelterApplication using Java 17.0.5 with PID 4517 (/home/igor/Project/java/-Telegram_Bot_Pets_Shelter/target/classes started by igor in /home/igor/Project/java/-Telegram_Bot_Pets_Shelter)
2023-03-01 13:30:48,202 DEBUG p.s.t.TelegramBotPetsShelterApplication [main] Running with Spring Boot v3.0.3, Spring v6.0.5
2023-03-01 13:30:48,202 INFO p.s.t.TelegramBotPetsShelterApplication [main] No active profile set, falling back to 1 default profile: "default"
2023-03-01 13:30:48,407 INFO o.s.d.r.c.RepositoryConfigurationDelegate [main] Bootstrapping Spring Data JPA repositories in DEFAULT mode.
2023-03-01 13:30:48,429 INFO o.s.d.r.c.RepositoryConfigurationDelegate [main] Finished Spring Data repository scanning in 18 ms. Found 4 JPA repository interfaces.
2023-03-01 13:30:48,592 INFO o.s.b.w.e.t.TomcatWebServer [main] Tomcat initialized with port(s): 8080 (http)
2023-03-01 13:30:48,596 INFO o.a.c.h.Http11NioProtocol [main] Initializing ProtocolHandler ["http-nio-8080"]
2023-03-01 13:30:48,596 INFO o.a.c.c.StandardService [main] Starting service [Tomcat]
2023-03-01 13:30:48,596 INFO o.a.c.c.StandardEngine [main] Starting Servlet engine: [Apache Tomcat/10.1.5]
2023-03-01 13:30:48,624 INFO o.a.c.c.C.[.[.[/] [main] Initializing Spring embedded WebApplicationContext
2023-03-01 13:30:48,625 INFO o.s.b.w.s.c.ServletWebServerApplicationContext [main] Root WebApplicationContext: initialization completed in 407 ms
2023-03-01 13:30:48,669 INFO c.z.h.HikariDataSource [main] HikariPool-1 - Starting...
2023-03-01 13:30:48,755 INFO c.z.h.p.HikariPool [main] HikariPool-1 - Added connection org.postgresql.jdbc.PgConnection@4f1fb828
2023-03-01 13:30:48,756 INFO c.z.h.HikariDataSource [main] HikariPool-1 - Start completed.
2023-03-01 13:30:48,803 INFO l.database [main] Set default schema name to public
2023-03-01 13:30:48,835 INFO l.lockservice [main] Successfully acquired change log lock
2023-03-01 13:30:48,969 INFO l.changelog [main] Reading from public.databasechangelog
2023-03-01 13:30:48,982 INFO l.lockservice [main] Successfully released change log lock
2023-03-01 13:30:48,983 WARN o.s.b.w.s.c.AnnotationConfigServletWebServerApplicationContext [main] Exception encountered during context initialization - cancelling refresh attempt: org.springframework.beans.factory.BeanCreationException: Error creating bean with name 'liquibase' defined in class path resource [org/springframework/boot/autoconfigure/liquibase/LiquibaseAutoConfiguration$LiquibaseConfiguration.class]: Validation Failed:
     1 changesets check sum
          db/changelog/v-1.0/10-changeset-report-table.xml::3::ania was: 8:4fc3cabfda8b3b5d836bdee398027d04 but is now: 8:f8679c1d0be51ee344232aabe077957f

2023-03-01 13:30:48,983 INFO c.z.h.HikariDataSource [main] HikariPool-1 - Shutdown initiated...
2023-03-01 13:30:48,995 INFO c.z.h.HikariDataSource [main] HikariPool-1 - Shutdown completed.
2023-03-01 13:30:48,996 INFO o.a.c.c.StandardService [main] Stopping service [Tomcat]
2023-03-01 13:30:49,001 INFO o.s.b.a.l.ConditionEvaluationReportLogger [main] 

Error starting ApplicationContext. To display the condition evaluation report re-run your application with 'debug' enabled.
2023-03-01 13:30:49,007 ERROR o.s.b.SpringApplication [main] Application run failed
org.springframework.beans.factory.BeanCreationException: Error creating bean with name 'liquibase' defined in class path resource [org/springframework/boot/autoconfigure/liquibase/LiquibaseAutoConfiguration$LiquibaseConfiguration.class]: Validation Failed:
     1 changesets check sum
          db/changelog/v-1.0/10-changeset-report-table.xml::3::ania was: 8:4fc3cabfda8b3b5d836bdee398027d04 but is now: 8:f8679c1d0be51ee344232aabe077957f

	at org.springframework.beans.factory.support.AbstractAutowireCapableBeanFactory.initializeBean(AbstractAutowireCapableBeanFactory.java:1752)
	at org.springframework.beans.factory.support.AbstractAutowireCapableBeanFactory.doCreateBean(AbstractAutowireCapableBeanFactory.java:600)
	at org.springframework.beans.factory.support.AbstractAutowireCapableBeanFactory.createBean(AbstractAutowireCapableBeanFactory.java:522)
	at org.springframework.beans.factory.support.AbstractBeanFactory.lambda$doGetBean$0(AbstractBeanFactory.java:326)
	at org.springframework.beans.factory.support.DefaultSingletonBeanRegistry.getSingleton(DefaultSingletonBeanRegistry.java:234)
	at org.springframework.beans.factory.support.AbstractBeanFactory.doGetBean(AbstractBeanFactory.java:324)
	at org.springframework.beans.factory.support.AbstractBeanFactory.getBean(AbstractBeanFactory.java:200)
	at org.springframework.beans.factory.support.AbstractBeanFactory.doGetBean(AbstractBeanFactory.java:313)
	at org.springframework.beans.factory.support.AbstractBeanFactory.getBean(AbstractBeanFactory.java:200)
	at org.springframework.context.support.AbstractApplicationContext.getBean(AbstractApplicationContext.java:1132)
	at org.springframework.context.support.AbstractApplicationContext.finishBeanFactoryInitialization(AbstractApplicationContext.java:907)
	at org.springframework.context.support.AbstractApplicationContext.refresh(AbstractApplicationContext.java:584)
	at org.springframework.boot.web.servlet.context.ServletWebServerApplicationContext.refresh(ServletWebServerApplicationContext.java:146)
	at org.springframework.boot.SpringApplication.refresh(SpringApplication.java:732)
	at org.springframework.boot.SpringApplication.refreshContext(SpringApplication.java:434)
	at org.springframework.boot.SpringApplication.run(SpringApplication.java:310)
	at org.springframework.boot.SpringApplication.run(SpringApplication.java:1304)
	at org.springframework.boot.SpringApplication.run(SpringApplication.java:1293)
	at pro.sky.telegram_bot_pets_shelter.TelegramBotPetsShelterApplication.main(TelegramBotPetsShelterApplication.java:10)
Caused by: liquibase.exception.ValidationFailedException: Validation Failed:
     1 changesets check sum
          db/changelog/v-1.0/10-changeset-report-table.xml::3::ania was: 8:4fc3cabfda8b3b5d836bdee398027d04 but is now: 8:f8679c1d0be51ee344232aabe077957f

	at liquibase.changelog.DatabaseChangeLog.validate(DatabaseChangeLog.java:345)
	at liquibase.Liquibase.lambda$update$1(Liquibase.java:257)
	at liquibase.Scope.lambda$child$0(Scope.java:180)
	at liquibase.Scope.child(Scope.java:189)
	at liquibase.Scope.child(Scope.java:179)
	at liquibase.Scope.child(Scope.java:158)
	at liquibase.Liquibase.runInScope(Liquibase.java:2431)
	at liquibase.Liquibase.update(Liquibase.java:237)
	at liquibase.Liquibase.update(Liquibase.java:222)
	at liquibase.integration.spring.SpringLiquibase.performUpdate(SpringLiquibase.java:328)
	at liquibase.integration.spring.SpringLiquibase.afterPropertiesSet(SpringLiquibase.java:283)
	at org.springframework.beans.factory.support.AbstractAutowireCapableBeanFactory.invokeInitMethods(AbstractAutowireCapableBeanFactory.java:1798)
	at org.springframework.beans.factory.support.AbstractAutowireCapableBeanFactory.initializeBean(AbstractAutowireCapableBeanFactory.java:1748)
	... 18 common frames omitted
2023-03-01 13:32:15,633 INFO o.h.v.i.u.Version [background-preinit] HV000001: Hibernate Validator 8.0.0.Final
2023-03-01 13:32:15,649 INFO p.s.t.TelegramBotPetsShelterApplication [main] Starting TelegramBotPetsShelterApplication using Java 17.0.5 with PID 4801 (/home/igor/Project/java/-Telegram_Bot_Pets_Shelter/target/classes started by igor in /home/igor/Project/java/-Telegram_Bot_Pets_Shelter)
2023-03-01 13:32:15,649 DEBUG p.s.t.TelegramBotPetsShelterApplication [main] Running with Spring Boot v3.0.3, Spring v6.0.5
2023-03-01 13:32:15,650 INFO p.s.t.TelegramBotPetsShelterApplication [main] No active profile set, falling back to 1 default profile: "default"
2023-03-01 13:32:15,845 INFO o.s.d.r.c.RepositoryConfigurationDelegate [main] Bootstrapping Spring Data JPA repositories in DEFAULT mode.
2023-03-01 13:32:15,866 INFO o.s.d.r.c.RepositoryConfigurationDelegate [main] Finished Spring Data repository scanning in 18 ms. Found 4 JPA repository interfaces.
2023-03-01 13:32:16,029 INFO o.s.b.w.e.t.TomcatWebServer [main] Tomcat initialized with port(s): 8080 (http)
2023-03-01 13:32:16,032 INFO o.a.c.h.Http11NioProtocol [main] Initializing ProtocolHandler ["http-nio-8080"]
2023-03-01 13:32:16,032 INFO o.a.c.c.StandardService [main] Starting service [Tomcat]
2023-03-01 13:32:16,032 INFO o.a.c.c.StandardEngine [main] Starting Servlet engine: [Apache Tomcat/10.1.5]
2023-03-01 13:32:16,061 INFO o.a.c.c.C.[.[.[/] [main] Initializing Spring embedded WebApplicationContext
2023-03-01 13:32:16,061 INFO o.s.b.w.s.c.ServletWebServerApplicationContext [main] Root WebApplicationContext: initialization completed in 397 ms
2023-03-01 13:32:16,107 INFO c.z.h.HikariDataSource [main] HikariPool-1 - Starting...
2023-03-01 13:32:16,196 INFO c.z.h.p.HikariPool [main] HikariPool-1 - Added connection org.postgresql.jdbc.PgConnection@324b6a56
2023-03-01 13:32:16,197 INFO c.z.h.HikariDataSource [main] HikariPool-1 - Start completed.
2023-03-01 13:32:16,243 INFO l.database [main] Set default schema name to public
2023-03-01 13:32:16,297 INFO l.lockservice [main] Successfully acquired change log lock
2023-03-01 13:32:16,409 INFO l.changelog [main] Creating database history table with name: public.databasechangelog
2023-03-01 13:32:16,430 INFO l.changelog [main] Reading from public.databasechangelog
2023-03-01 13:32:16,461 INFO l.changelog [main] Tag 'db_init' applied to database
2023-03-01 13:32:16,461 INFO l.changelog [main] ChangeSet db/changelog/db.changelog-master.xml::0::ania ran successfully in 1ms
2023-03-01 13:32:16,494 INFO l.changelog [main] SQL in file db/changelog/v-1.0/01-create-visitor-table.sql executed
2023-03-01 13:32:16,498 INFO l.changelog [main] ChangeSet db/changelog/v-1.0/01-changeset-visitor-table.xml::2::ania ran successfully in 33ms
2023-03-01 13:32:16,542 INFO l.changelog [main] SQL in file db/changelog/v-1.0/10-create-report-table.sql executed
2023-03-01 13:32:16,545 INFO l.changelog [main] ChangeSet db/changelog/v-1.0/10-changeset-report-table.xml::3::ania ran successfully in 41ms
2023-03-01 13:32:16,574 INFO l.changelog [main] SQL in file db/changelog/v-1.0/20-create-pet-table.sql executed
2023-03-01 13:32:16,577 INFO l.changelog [main] ChangeSet db/changelog/v-1.0/20-changeset-pet-table.xml::4::ania ran successfully in 29ms
2023-03-01 13:32:16,607 INFO l.changelog [main] SQL in file db/changelog/v-1.0/30-create-owner-table.sql executed
2023-03-01 13:32:16,610 INFO l.changelog [main] ChangeSet db/changelog/v-1.0/30-changeset-owner-table.xml::6::ania ran successfully in 29ms
2023-03-01 13:32:16,615 INFO l.changelog [main] Tag 'v.1.0' applied to database
2023-03-01 13:32:16,616 INFO l.changelog [main] ChangeSet db/changelog/db.changelog-master.xml::1::ania ran successfully in 1ms
2023-03-01 13:32:16,633 INFO l.changelog [main] SQL in file db/changelog/v-2.0/01-insert-pet-value.sql executed
2023-03-01 13:32:16,637 INFO l.changelog [main] ChangeSet db/changelog/v-2.0/01-changeset-pet-value.xml::6::gil ran successfully in 16ms
2023-03-01 13:32:16,644 INFO l.changelog [main] Tag '2.0' applied to database
2023-03-01 13:32:16,644 INFO l.changelog [main] ChangeSet db/changelog/db.changelog-master.xml::7::gil ran successfully in 1ms
2023-03-01 13:32:16,657 INFO l.lockservice [main] Successfully released change log lock
2023-03-01 13:32:16,704 INFO o.h.j.i.u.LogHelper [main] HHH000204: Processing PersistenceUnitInfo [name: default]
2023-03-01 13:32:16,725 INFO o.h.Version [main] HHH000412: Hibernate ORM core version 6.1.7.Final
2023-03-01 13:32:16,839 INFO SQL dialect [main] HHH000400: Using dialect: org.hibernate.dialect.PostgreSQLDialect
2023-03-01 13:32:17,122 INFO o.h.e.t.j.p.i.JtaPlatformInitiator [main] HHH000490: Using JtaPlatform implementation: [org.hibernate.engine.transaction.jta.platform.internal.NoJtaPlatform]
2023-03-01 13:32:17,126 INFO o.s.o.j.LocalContainerEntityManagerFactoryBean [main] Initialized JPA EntityManagerFactory for persistence unit 'default'
2023-03-01 13:32:17,670 WARN o.s.b.a.o.j.JpaBaseConfiguration$JpaWebConfiguration [main] spring.jpa.open-in-view is enabled by default. Therefore, database queries may be performed during view rendering. Explicitly configure spring.jpa.open-in-view to disable this warning
2023-03-01 13:32:17,867 INFO o.a.c.h.Http11NioProtocol [main] Starting ProtocolHandler ["http-nio-8080"]
2023-03-01 13:32:17,873 INFO o.s.b.w.e.t.TomcatWebServer [main] Tomcat started on port(s): 8080 (http) with context path ''
2023-03-01 13:32:17,876 INFO p.s.t.TelegramBotPetsShelterApplication [main] Started TelegramBotPetsShelterApplication in 2.351 seconds (process running for 2.565)
2023-03-01 13:33:08,475 ERROR o.t.t.u.DefaultBotSession [bot_test_CF Telegram Executor] Cannot invoke "pro.sky.telegram_bot_pets_shelter.command.Command.execute(org.telegram.telegrambots.meta.api.objects.Update)" because the return value of "java.util.Map.get(Object)" is null
java.lang.NullPointerException: Cannot invoke "pro.sky.telegram_bot_pets_shelter.command.Command.execute(org.telegram.telegrambots.meta.api.objects.Update)" because the return value of "java.util.Map.get(Object)" is null
	at pro.sky.telegram_bot_pets_shelter.controller.TelegramBot.onUpdateReceived(TelegramBot.java:93)
	at java.base/java.util.ArrayList.forEach(ArrayList.java:1511)
	at org.telegram.telegrambots.meta.generics.LongPollingBot.onUpdatesReceived(LongPollingBot.java:27)
	at org.telegram.telegrambots.updatesreceivers.DefaultBotSession$HandlerThread.run(DefaultBotSession.java:312)
2023-03-01 13:33:33,836 INFO o.s.o.j.LocalContainerEntityManagerFactoryBean [SpringApplicationShutdownHook] Closing JPA EntityManagerFactory for persistence unit 'default'
2023-03-01 13:33:33,837 INFO c.z.h.HikariDataSource [SpringApplicationShutdownHook] HikariPool-1 - Shutdown initiated...
2023-03-01 13:33:33,844 INFO c.z.h.HikariDataSource [SpringApplicationShutdownHook] HikariPool-1 - Shutdown completed.
2023-03-01 13:34:53,544 INFO o.h.v.i.u.Version [background-preinit] HV000001: Hibernate Validator 8.0.0.Final
2023-03-01 13:34:53,561 INFO p.s.t.TelegramBotPetsShelterApplication [main] Starting TelegramBotPetsShelterApplication using Java 17.0.5 with PID 5485 (/home/igor/Project/java/-Telegram_Bot_Pets_Shelter/target/classes started by igor in /home/igor/Project/java/-Telegram_Bot_Pets_Shelter)
2023-03-01 13:34:53,561 DEBUG p.s.t.TelegramBotPetsShelterApplication [main] Running with Spring Boot v3.0.3, Spring v6.0.5
2023-03-01 13:34:53,562 INFO p.s.t.TelegramBotPetsShelterApplication [main] No active profile set, falling back to 1 default profile: "default"
2023-03-01 13:34:53,759 INFO o.s.d.r.c.RepositoryConfigurationDelegate [main] Bootstrapping Spring Data JPA repositories in DEFAULT mode.
2023-03-01 13:34:53,781 INFO o.s.d.r.c.RepositoryConfigurationDelegate [main] Finished Spring Data repository scanning in 19 ms. Found 4 JPA repository interfaces.
2023-03-01 13:34:53,943 INFO o.s.b.w.e.t.TomcatWebServer [main] Tomcat initialized with port(s): 8080 (http)
2023-03-01 13:34:53,946 INFO o.a.c.h.Http11NioProtocol [main] Initializing ProtocolHandler ["http-nio-8080"]
2023-03-01 13:34:53,947 INFO o.a.c.c.StandardService [main] Starting service [Tomcat]
2023-03-01 13:34:53,947 INFO o.a.c.c.StandardEngine [main] Starting Servlet engine: [Apache Tomcat/10.1.5]
2023-03-01 13:34:53,975 INFO o.a.c.c.C.[.[.[/] [main] Initializing Spring embedded WebApplicationContext
2023-03-01 13:34:53,975 INFO o.s.b.w.s.c.ServletWebServerApplicationContext [main] Root WebApplicationContext: initialization completed in 399 ms
2023-03-01 13:34:54,020 INFO c.z.h.HikariDataSource [main] HikariPool-1 - Starting...
2023-03-01 13:34:54,104 INFO c.z.h.p.HikariPool [main] HikariPool-1 - Added connection org.postgresql.jdbc.PgConnection@324b6a56
2023-03-01 13:34:54,105 INFO c.z.h.HikariDataSource [main] HikariPool-1 - Start completed.
2023-03-01 13:34:54,151 INFO l.database [main] Set default schema name to public
2023-03-01 13:34:54,174 INFO l.lockservice [main] Successfully acquired change log lock
2023-03-01 13:34:54,305 INFO l.changelog [main] Reading from public.databasechangelog
2023-03-01 13:34:54,337 INFO l.lockservice [main] Successfully released change log lock
2023-03-01 13:34:54,360 INFO o.h.j.i.u.LogHelper [main] HHH000204: Processing PersistenceUnitInfo [name: default]
2023-03-01 13:34:54,375 INFO o.h.Version [main] HHH000412: Hibernate ORM core version 6.1.7.Final
2023-03-01 13:34:54,473 INFO SQL dialect [main] HHH000400: Using dialect: org.hibernate.dialect.PostgreSQLDialect
2023-03-01 13:34:54,731 INFO o.h.e.t.j.p.i.JtaPlatformInitiator [main] HHH000490: Using JtaPlatform implementation: [org.hibernate.engine.transaction.jta.platform.internal.NoJtaPlatform]
2023-03-01 13:34:54,735 INFO o.s.o.j.LocalContainerEntityManagerFactoryBean [main] Initialized JPA EntityManagerFactory for persistence unit 'default'
2023-03-01 13:34:55,328 WARN o.s.b.a.o.j.JpaBaseConfiguration$JpaWebConfiguration [main] spring.jpa.open-in-view is enabled by default. Therefore, database queries may be performed during view rendering. Explicitly configure spring.jpa.open-in-view to disable this warning
2023-03-01 13:34:55,529 INFO o.a.c.h.Http11NioProtocol [main] Starting ProtocolHandler ["http-nio-8080"]
2023-03-01 13:34:55,538 INFO o.s.b.w.e.t.TomcatWebServer [main] Tomcat started on port(s): 8080 (http) with context path ''
2023-03-01 13:34:55,541 INFO p.s.t.TelegramBotPetsShelterApplication [main] Started TelegramBotPetsShelterApplication in 2.105 seconds (process running for 2.316)
2023-03-01 13:35:30,872 INFO o.s.o.j.LocalContainerEntityManagerFactoryBean [SpringApplicationShutdownHook] Closing JPA EntityManagerFactory for persistence unit 'default'
2023-03-01 13:35:30,873 INFO c.z.h.HikariDataSource [SpringApplicationShutdownHook] HikariPool-1 - Shutdown initiated...
2023-03-01 13:35:30,875 INFO c.z.h.HikariDataSource [SpringApplicationShutdownHook] HikariPool-1 - Shutdown completed.
